2018-01-19 12:04:18 WARN  NativeCodeLoader:62 - Unable to load native-hadoop library for your platform... using builtin-java classes where applicable
2018-01-19 12:04:19 INFO  Slf4jLogger:80 - Slf4jLogger started
2018-01-19 12:04:19 INFO  Remoting:74 - Starting remoting
2018-01-19 12:04:19 INFO  Remoting:74 - Remoting started; listening on addresses :[akka.tcp://sparkDriverActorSystem@10.229.51.168:46793]
2018-01-19 12:04:19 INFO  Server:272 - jetty-8.y.z-SNAPSHOT
2018-01-19 12:04:19 INFO  AbstractConnector:338 - Started SelectChannelConnector@0.0.0.0:4040
2018-01-19 12:04:20 INFO  ContextHandler:843 - stopped o.s.j.s.ServletContextHandler{/static/sql,null}
2018-01-19 12:04:20 INFO  ContextHandler:843 - stopped o.s.j.s.ServletContextHandler{/SQL/execution/json,null}
2018-01-19 12:04:20 INFO  ContextHandler:843 - stopped o.s.j.s.ServletContextHandler{/SQL/execution,null}
2018-01-19 12:04:20 INFO  ContextHandler:843 - stopped o.s.j.s.ServletContextHandler{/SQL/json,null}
2018-01-19 12:04:20 INFO  ContextHandler:843 - stopped o.s.j.s.ServletContextHandler{/SQL,null}
2018-01-19 12:04:20 INFO  ContextHandler:843 - stopped o.s.j.s.ServletContextHandler{/metrics/json,null}
2018-01-19 12:04:20 INFO  ContextHandler:843 - stopped o.s.j.s.ServletContextHandler{/stages/stage/kill,null}
2018-01-19 12:04:20 INFO  ContextHandler:843 - stopped o.s.j.s.ServletContextHandler{/api,null}
2018-01-19 12:04:20 INFO  ContextHandler:843 - stopped o.s.j.s.ServletContextHandler{/,null}
2018-01-19 12:04:20 INFO  ContextHandler:843 - stopped o.s.j.s.ServletContextHandler{/static,null}
2018-01-19 12:04:20 INFO  ContextHandler:843 - stopped o.s.j.s.ServletContextHandler{/executors/threadDump/json,null}
2018-01-19 12:04:20 INFO  ContextHandler:843 - stopped o.s.j.s.ServletContextHandler{/executors/threadDump,null}
2018-01-19 12:04:20 INFO  ContextHandler:843 - stopped o.s.j.s.ServletContextHandler{/executors/json,null}
2018-01-19 12:04:20 INFO  ContextHandler:843 - stopped o.s.j.s.ServletContextHandler{/executors,null}
2018-01-19 12:04:20 INFO  ContextHandler:843 - stopped o.s.j.s.ServletContextHandler{/environment/json,null}
2018-01-19 12:04:20 INFO  ContextHandler:843 - stopped o.s.j.s.ServletContextHandler{/environment,null}
2018-01-19 12:04:20 INFO  ContextHandler:843 - stopped o.s.j.s.ServletContextHandler{/storage/rdd/json,null}
2018-01-19 12:04:20 INFO  ContextHandler:843 - stopped o.s.j.s.ServletContextHandler{/storage/rdd,null}
2018-01-19 12:04:20 INFO  ContextHandler:843 - stopped o.s.j.s.ServletContextHandler{/storage/json,null}
2018-01-19 12:04:20 INFO  ContextHandler:843 - stopped o.s.j.s.ServletContextHandler{/storage,null}
2018-01-19 12:04:20 INFO  ContextHandler:843 - stopped o.s.j.s.ServletContextHandler{/stages/pool/json,null}
2018-01-19 12:04:20 INFO  ContextHandler:843 - stopped o.s.j.s.ServletContextHandler{/stages/pool,null}
2018-01-19 12:04:20 INFO  ContextHandler:843 - stopped o.s.j.s.ServletContextHandler{/stages/stage/json,null}
2018-01-19 12:04:20 INFO  ContextHandler:843 - stopped o.s.j.s.ServletContextHandler{/stages/stage,null}
2018-01-19 12:04:20 INFO  ContextHandler:843 - stopped o.s.j.s.ServletContextHandler{/stages/json,null}
2018-01-19 12:04:20 INFO  ContextHandler:843 - stopped o.s.j.s.ServletContextHandler{/stages,null}
2018-01-19 12:04:20 INFO  ContextHandler:843 - stopped o.s.j.s.ServletContextHandler{/jobs/job/json,null}
2018-01-19 12:04:20 INFO  ContextHandler:843 - stopped o.s.j.s.ServletContextHandler{/jobs/job,null}
2018-01-19 12:04:20 INFO  ContextHandler:843 - stopped o.s.j.s.ServletContextHandler{/jobs/json,null}
2018-01-19 12:04:20 INFO  ContextHandler:843 - stopped o.s.j.s.ServletContextHandler{/jobs,null}
2018-01-19 12:04:20 INFO  RemoteActorRefProvider$RemotingTerminator:74 - Shutting down remote daemon.
2018-01-19 12:04:20 INFO  RemoteActorRefProvider$RemotingTerminator:74 - Remote daemon shut down; proceeding with flushing remote transports.
2018-01-19 12:04:49 INFO  SparkContext:58 - Running Spark version 1.6.2
2018-01-19 12:04:49 WARN  NativeCodeLoader:62 - Unable to load native-hadoop library for your platform... using builtin-java classes where applicable
2018-01-19 12:04:49 ERROR SparkContext:95 - Error initializing SparkContext.
org.apache.spark.SparkException: A master URL must be set in your configuration
	at org.apache.spark.SparkContext.<init>(SparkContext.scala:401)
	at org.dsa.core.sparkSW.SparkSW$.main(SparkSW.scala:35)
	at org.dsa.core.SparkSW$.run(SparkSW.scala:81)
	at org.dsa.core.SparkSW$.main(SparkSW.scala:32)
	at org.dsa.time.SparkSWTime$$anonfun$main$1$$anonfun$apply$mcVI$sp$1.apply$mcVI$sp(SparkSWTime.scala:14)
	at scala.collection.immutable.Range.foreach$mVc$sp(Range.scala:141)
	at org.dsa.time.SparkSWTime$$anonfun$main$1.apply$mcVI$sp(SparkSWTime.scala:13)
	at scala.collection.immutable.Range.foreach$mVc$sp(Range.scala:141)
	at org.dsa.time.SparkSWTime$.main(SparkSWTime.scala:11)
	at org.dsa.time.SparkSWTime.main(SparkSWTime.scala)
2018-01-19 12:04:49 INFO  SparkContext:58 - Successfully stopped SparkContext
2018-01-19 12:12:07 WARN  NativeCodeLoader:62 - Unable to load native-hadoop library for your platform... using builtin-java classes where applicable
2018-01-19 12:12:08 INFO  Slf4jLogger:80 - Slf4jLogger started
2018-01-19 12:12:08 INFO  Remoting:74 - Starting remoting
2018-01-19 12:12:08 INFO  Remoting:74 - Remoting started; listening on addresses :[akka.tcp://sparkDriverActorSystem@10.229.51.168:41872]
2018-01-19 12:12:08 INFO  Server:272 - jetty-8.y.z-SNAPSHOT
2018-01-19 12:12:08 INFO  AbstractConnector:338 - Started SelectChannelConnector@0.0.0.0:4040
2018-01-19 12:12:09 INFO  ContextHandler:843 - stopped o.s.j.s.ServletContextHandler{/static/sql,null}
2018-01-19 12:12:09 INFO  ContextHandler:843 - stopped o.s.j.s.ServletContextHandler{/SQL/execution/json,null}
2018-01-19 12:12:09 INFO  ContextHandler:843 - stopped o.s.j.s.ServletContextHandler{/SQL/execution,null}
2018-01-19 12:12:09 INFO  ContextHandler:843 - stopped o.s.j.s.ServletContextHandler{/SQL/json,null}
2018-01-19 12:12:09 INFO  ContextHandler:843 - stopped o.s.j.s.ServletContextHandler{/SQL,null}
2018-01-19 12:12:09 INFO  ContextHandler:843 - stopped o.s.j.s.ServletContextHandler{/metrics/json,null}
2018-01-19 12:12:09 INFO  ContextHandler:843 - stopped o.s.j.s.ServletContextHandler{/stages/stage/kill,null}
2018-01-19 12:12:09 INFO  ContextHandler:843 - stopped o.s.j.s.ServletContextHandler{/api,null}
2018-01-19 12:12:09 INFO  ContextHandler:843 - stopped o.s.j.s.ServletContextHandler{/,null}
2018-01-19 12:12:09 INFO  ContextHandler:843 - stopped o.s.j.s.ServletContextHandler{/static,null}
2018-01-19 12:12:09 INFO  ContextHandler:843 - stopped o.s.j.s.ServletContextHandler{/executors/threadDump/json,null}
2018-01-19 12:12:09 INFO  ContextHandler:843 - stopped o.s.j.s.ServletContextHandler{/executors/threadDump,null}
2018-01-19 12:12:09 INFO  ContextHandler:843 - stopped o.s.j.s.ServletContextHandler{/executors/json,null}
2018-01-19 12:12:09 INFO  ContextHandler:843 - stopped o.s.j.s.ServletContextHandler{/executors,null}
2018-01-19 12:12:09 INFO  ContextHandler:843 - stopped o.s.j.s.ServletContextHandler{/environment/json,null}
2018-01-19 12:12:09 INFO  ContextHandler:843 - stopped o.s.j.s.ServletContextHandler{/environment,null}
2018-01-19 12:12:09 INFO  ContextHandler:843 - stopped o.s.j.s.ServletContextHandler{/storage/rdd/json,null}
2018-01-19 12:12:09 INFO  ContextHandler:843 - stopped o.s.j.s.ServletContextHandler{/storage/rdd,null}
2018-01-19 12:12:09 INFO  ContextHandler:843 - stopped o.s.j.s.ServletContextHandler{/storage/json,null}
2018-01-19 12:12:09 INFO  ContextHandler:843 - stopped o.s.j.s.ServletContextHandler{/storage,null}
2018-01-19 12:12:09 INFO  ContextHandler:843 - stopped o.s.j.s.ServletContextHandler{/stages/pool/json,null}
2018-01-19 12:12:09 INFO  ContextHandler:843 - stopped o.s.j.s.ServletContextHandler{/stages/pool,null}
2018-01-19 12:12:09 INFO  ContextHandler:843 - stopped o.s.j.s.ServletContextHandler{/stages/stage/json,null}
2018-01-19 12:12:09 INFO  ContextHandler:843 - stopped o.s.j.s.ServletContextHandler{/stages/stage,null}
2018-01-19 12:12:09 INFO  ContextHandler:843 - stopped o.s.j.s.ServletContextHandler{/stages/json,null}
2018-01-19 12:12:09 INFO  ContextHandler:843 - stopped o.s.j.s.ServletContextHandler{/stages,null}
2018-01-19 12:12:09 INFO  ContextHandler:843 - stopped o.s.j.s.ServletContextHandler{/jobs/job/json,null}
2018-01-19 12:12:09 INFO  ContextHandler:843 - stopped o.s.j.s.ServletContextHandler{/jobs/job,null}
2018-01-19 12:12:09 INFO  ContextHandler:843 - stopped o.s.j.s.ServletContextHandler{/jobs/json,null}
2018-01-19 12:12:09 INFO  ContextHandler:843 - stopped o.s.j.s.ServletContextHandler{/jobs,null}
2018-01-19 12:12:09 INFO  RemoteActorRefProvider$RemotingTerminator:74 - Shutting down remote daemon.
2018-01-19 12:12:09 INFO  RemoteActorRefProvider$RemotingTerminator:74 - Remote daemon shut down; proceeding with flushing remote transports.
2018-01-19 12:12:09 INFO  RemoteActorRefProvider$RemotingTerminator:74 - Remoting shut down.
